生成启动时间为 2017/12/15 11:48:58。
     1>项目“F:\FileSave\VS 2017\Exp 8\sniffer\Sniffer\Sniffer.vcxproj”在节点 2 上(build 个目标)。
     1>InitializeBuildStatus:
         正在创建“Release\Sniffer.unsuccessfulbuild”，因为已指定“AlwaysCreate”。
       ClCompile:
         所有输出均为最新。
         所有输出均为最新。
       ResourceCompile:
         所有输出均为最新。
       Link:
         所有输出均为最新。
         Sniffer.vcxproj -> F:\FileSave\VS 2017\Exp 8\sniffer\Release\Sniffer.exe
       Manifest:
         所有输出均为最新。
       FinalizeBuildStatus:
         正在删除文件“Release\Sniffer.unsuccessfulbuild”。
         正在对“Release\Sniffer.lastbuildstate”执行 Touch 任务。
     1>已完成生成项目“F:\FileSave\VS 2017\Exp 8\sniffer\Sniffer\Sniffer.vcxproj”(build 个目标)的操作。

生成成功。

已用时间 00:00:00.06
